生成启动时间为 2017/8/4 20:40:45。
     1>项目“E:\Personal_Files\Code\qq-and-email\qq-and-email\qq-and-email.vcxproj”在节点 2 上(build 个目标)。
     1>InitializeBuildStatus:
         正在创建“Debug\qq-and-email.unsuccessfulbuild”，因为已指定“AlwaysCreate”。
       ClCompile:
         D:\VS2010\VC\bin\CL.exe /c /ZI /nologo /W3 /WX- /Od /Oy- /D WIN32 /D _DEBUG /D _CONSOLE /D _UNICODE /D UNICODE /Gm /EHsc /RTC1 /MDd /GS /fp:precise /Zc:wchar_t /Zc:forScope /Fo"Debug\\" /Fd"Debug\vc100.pdb" /Gd /TP /analyze- /errorReport:prompt qq_email.cpp
         qq_email.cpp
     1>e:\personal_files\code\qq-and-email\qq-and-email\qq_email.cpp(11): warning C4996: 'fopen': This function or variable may be unsafe. Consider using fopen_s instead. To disable deprecation, use _CRT_SECURE_NO_WARNINGS. See online help for details.
                 d:\vs2010\vc\include\stdio.h(234) : 参见“fopen”的声明
     1>e:\personal_files\code\qq-and-email\qq-and-email\qq_email.cpp(42): warning C4996: 'itoa': The POSIX name for this item is deprecated. Instead, use the ISO C++ conformant name: _itoa. See online help for details.
                 d:\vs2010\vc\include\stdlib.h(867) : 参见“itoa”的声明
     1>e:\personal_files\code\qq-and-email\qq-and-email\qq_email.cpp(45): warning C4996: 'strcat': This function or variable may be unsafe. Consider using strcat_s instead. To disable deprecation, use _CRT_SECURE_NO_WARNINGS. See online help for details.
                 d:\vs2010\vc\include\string.h(110) : 参见“strcat”的声明
     1>e:\personal_files\code\qq-and-email\qq-and-email\qq_email.cpp(48): warning C4996: 'strcpy': This function or variable may be unsafe. Consider using strcpy_s instead. To disable deprecation, use _CRT_SECURE_NO_WARNINGS. See online help for details.
                 d:\vs2010\vc\include\string.h(105) : 参见“strcpy”的声明
     1>e:\personal_files\code\qq-and-email\qq-and-email\qq_email.cpp(63): warning C4996: 'scanf': This function or variable may be unsafe. Consider using scanf_s instead. To disable deprecation, use _CRT_SECURE_NO_WARNINGS. See online help for details.
                 d:\vs2010\vc\include\stdio.h(304) : 参见“scanf”的声明
       ManifestResourceCompile:
         所有输出均为最新。
       Link:
         D:\VS2010\VC\bin\link.exe /ERRORREPORT:PROMPT /OUT:"E:\Personal_Files\Code\qq-and-email\Debug\qq-and-email.exe" /INCREMENTAL /NOLOGO kernel32.lib user32.lib gdi32.lib winspool.lib comdlg32.lib advapi32.lib shell32.lib ole32.lib oleaut32.lib uuid.lib odbc32.lib odbccp32.lib /MANIFEST /ManifestFile:"Debug\qq-and-email.exe.intermediate.manifest" /MANIFESTUAC:"level='asInvoker' uiAccess='false'" /DEBUG /PDB:"E:\Personal_Files\Code\qq-and-email\Debug\qq-and-email.pdb" /SUBSYSTEM:CONSOLE /TLBID:1 /DYNAMICBASE /NXCOMPAT /IMPLIB:"E:\Personal_Files\Code\qq-and-email\Debug\qq-and-email.lib" /MACHINE:X86 "Debug\qq-and-email.exe.embed.manifest.res"
         Debug\qq_email.obj
       Manifest:
         c:\Program Files (x86)\Microsoft SDKs\Windows\v7.0A\bin\mt.exe /nologo /verbose /out:"Debug\qq-and-email.exe.embed.manifest" /manifest "Debug\qq-and-email.exe.intermediate.manifest"
         所有输出均为最新。
       LinkEmbedManifest:
         所有输出均为最新。
         qq-and-email.vcxproj -> E:\Personal_Files\Code\qq-and-email\Debug\qq-and-email.exe
       FinalizeBuildStatus:
         正在删除文件“Debug\qq-and-email.unsuccessfulbuild”。
         正在对“Debug\qq-and-email.lastbuildstate”执行 Touch 任务。
     1>已完成生成项目“E:\Personal_Files\Code\qq-and-email\qq-and-email\qq-and-email.vcxproj”(build 个目标)的操作。

生成成功。

已用时间 00:00:01.01
