E:\PERSONAL_FILES\CODE\QQ-AND-EMAIL\DEBUG\QQ-AND-EMAIL.EXE
E:\PERSONAL_FILES\CODE\QQ-AND-EMAIL\DEBUG\QQ-AND-EMAIL.ILK
E:\PERSONAL_FILES\CODE\QQ-AND-EMAIL\DEBUG\QQ-AND-EMAIL.PDB
E:\Personal_Files\Code\qq-and-email\qq-and-email\Debug\cl.command.1.tlog
E:\Personal_Files\Code\qq-and-email\qq-and-email\Debug\CL.read.1.tlog
E:\Personal_Files\Code\qq-and-email\qq-and-email\Debug\CL.write.1.tlog
E:\Personal_Files\Code\qq-and-email\qq-and-email\Debug\link.14112.read.1.tlog
E:\Personal_Files\Code\qq-and-email\qq-and-email\Debug\link.14112.write.1.tlog
E:\Personal_Files\Code\qq-and-email\qq-and-email\Debug\link.14112-cvtres.read.1.tlog
E:\Personal_Files\Code\qq-and-email\qq-and-email\Debug\link.14112-cvtres.write.1.tlog
E:\Personal_Files\Code\qq-and-email\qq-and-email\Debug\link.command.1.tlog
E:\Personal_Files\Code\qq-and-email\qq-and-email\Debug\link.read.1.tlog
E:\Personal_Files\Code\qq-and-email\qq-and-email\Debug\link.write.1.tlog
E:\Personal_Files\Code\qq-and-email\qq-and-email\Debug\link-cvtres.read.1.tlog
E:\Personal_Files\Code\qq-and-email\qq-and-email\Debug\link-cvtres.write.1.tlog
E:\Personal_Files\Code\qq-and-email\qq-and-email\Debug\mt.command.1.tlog
E:\Personal_Files\Code\qq-and-email\qq-and-email\Debug\mt.read.1.tlog
E:\Personal_Files\Code\qq-and-email\qq-and-email\Debug\mt.write.1.tlog
E:\PERSONAL_FILES\CODE\QQ-AND-EMAIL\QQ-AND-EMAIL\DEBUG\QQ_EMAIL.OBJ
E:\PERSONAL_FILES\CODE\QQ-AND-EMAIL\QQ-AND-EMAIL\DEBUG\QQ-AND-EMAIL.EXE.EMBED.MANIFEST
E:\PERSONAL_FILES\CODE\QQ-AND-EMAIL\QQ-AND-EMAIL\DEBUG\QQ-AND-EMAIL.EXE.EMBED.MANIFEST.RES
E:\PERSONAL_FILES\CODE\QQ-AND-EMAIL\QQ-AND-EMAIL\DEBUG\QQ-AND-EMAIL.EXE.INTERMEDIATE.MANIFEST
E:\Personal_Files\Code\qq-and-email\qq-and-email\Debug\qq-and-email.vcxprojResolveAssemblyReference.cache
E:\Personal_Files\Code\qq-and-email\qq-and-email\Debug\qq-and-email.write.1.tlog
E:\Personal_Files\Code\qq-and-email\qq-and-email\Debug\qq-and-email_manifest.rc
E:\Personal_Files\Code\qq-and-email\qq-and-email\Debug\rc.command.1.tlog
E:\Personal_Files\Code\qq-and-email\qq-and-email\Debug\rc.read.1.tlog
E:\Personal_Files\Code\qq-and-email\qq-and-email\Debug\rc.write.1.tlog
E:\Personal_Files\Code\qq-and-email\qq-and-email\Debug\vc100.idb
E:\PERSONAL_FILES\CODE\QQ-AND-EMAIL\QQ-AND-EMAIL\DEBUG\VC100.PDB
